<?xml version="1.0" encoding="UTF-8"?>
<testsuite name="com.example.cms.MailgunClientTest" tests="1" skipped="0" failures="0" errors="0" timestamp="2023-03-07T20:37:52" hostname="DESKTOP-492AQ7N" time="0.13">
  <properties/>
  <testcase name="EmailTest()" classname="com.example.cms.MailgunClientTest" time="0.13"/>
  <system-out><![CDATA[05:37:48.058 [Test worker] DEBUG org.springframework.test.context.BootstrapUtils - Instantiating CacheAwareContextLoaderDelegate from class [org.springframework.test.context.cache.DefaultCacheAwareContextLoaderDelegate]
05:37:48.067 [Test worker] DEBUG org.springframework.test.context.BootstrapUtils - Instantiating BootstrapContext using constructor [public org.springframework.test.context.support.DefaultBootstrapContext(java.lang.Class,org.springframework.test.context.CacheAwareContextLoaderDelegate)]
05:37:48.091 [Test worker] DEBUG org.springframework.test.context.BootstrapUtils - Instantiating TestContextBootstrapper for test class [com.example.cms.MailgunClientTest] from class [org.springframework.boot.test.context.SpringBootTestContextBootstrapper]
05:37:48.100 [Test worker] INFO org.springframework.boot.test.context.SpringBootTestContextBootstrapper - Neither @ContextConfiguration nor @ContextHierarchy found for test class [com.example.cms.MailgunClientTest], using SpringBootContextLoader
05:37:48.103 [Test worker] DEBUG org.springframework.test.context.support.AbstractContextLoader - Did not detect default resource location for test class [com.example.cms.MailgunClientTest]: class path resource [com/example/cms/MailgunClientTest-context.xml] does not exist
05:37:48.103 [Test worker] DEBUG org.springframework.test.context.support.AbstractContextLoader - Did not detect default resource location for test class [com.example.cms.MailgunClientTest]: class path resource [com/example/cms/MailgunClientTestContext.groovy] does not exist
05:37:48.104 [Test worker] INFO org.springframework.test.context.support.AbstractContextLoader - Could not detect default resource locations for test class [com.example.cms.MailgunClientTest]: no resource found for suffixes {-context.xml, Context.groovy}.
05:37:48.104 [Test worker] INFO org.springframework.test.context.support.AnnotationConfigContextLoaderUtils - Could not detect default configuration classes for test class [com.example.cms.MailgunClientTest]: MailgunClientTest does not declare any static, non-private, non-final, nested classes annotated with @Configuration.
05:37:48.137 [Test worker] DEBUG org.springframework.test.context.support.ActiveProfilesUtils - Could not find an 'annotation declaring class' for annotation type [org.springframework.test.context.ActiveProfiles] and class [com.example.cms.MailgunClientTest]
05:37:48.178 [Test worker] DEBUG org.springframework.context.annotation.ClassPathScanningCandidateComponentProvider - Identified candidate component class: file [C:\workplace\zero-base-cms-base\build\classes\java\main\com\example\cms\CmsApplication.class]
05:37:48.185 [Test worker] INFO org.springframework.boot.test.context.SpringBootTestContextBootstrapper - Found @SpringBootConfiguration com.example.cms.CmsApplication for test class com.example.cms.MailgunClientTest
05:37:48.283 [Test worker] DEBUG org.springframework.boot.test.context.SpringBootTestContextBootstrapper - @TestExecutionListeners is not present for class [com.example.cms.MailgunClientTest]: using defaults.
05:37:48.284 [Test worker] INFO org.springframework.boot.test.context.SpringBootTestContextBootstrapper - Loaded default TestExecutionListener class names from location [META-INF/spring.factories]: [org.springframework.boot.test.autoconfigure.restdocs.RestDocsTestExecutionListener, org.springframework.boot.test.autoconfigure.web.client.MockRestServiceServerResetTestExecutionListener, org.springframework.boot.test.autoconfigure.web.servlet.MockMvcPrintOnlyOnFailureTestExecutionListener, org.springframework.boot.test.autoconfigure.web.servlet.WebDriverTestExecutionListener, org.springframework.boot.test.autoconfigure.webservices.client.MockWebServiceServerTestExecutionListener, org.springframework.boot.test.mock.mockito.MockitoTestExecutionListener, org.springframework.boot.test.mock.mockito.ResetMocksTestExecutionListener, org.springframework.test.context.web.ServletTestExecutionListener, org.springframework.test.context.support.DirtiesContextBeforeModesTestExecutionListener, org.springframework.test.context.event.ApplicationEventsTestExecutionListener, org.springframework.test.context.support.DependencyInjectionTestExecutionListener, org.springframework.test.context.support.DirtiesContextTestExecutionListener, org.springframework.test.context.transaction.TransactionalTestExecutionListener, org.springframework.test.context.jdbc.SqlScriptsTestExecutionListener, org.springframework.test.context.event.EventPublishingTestExecutionListener]
05:37:48.296 [Test worker] INFO org.springframework.boot.test.context.SpringBootTestContextBootstrapper - Using TestExecutionListeners: [org.springframework.test.context.web.ServletTestExecutionListener@54e81b21, org.springframework.test.context.support.DirtiesContextBeforeModesTestExecutionListener@38d5b107, org.springframework.test.context.event.ApplicationEventsTestExecutionListener@6650813a, org.springframework.boot.test.mock.mockito.MockitoTestExecutionListener@44ea608c, org.springframework.boot.test.autoconfigure.SpringBootDependencyInjectionTestExecutionListener@50cf5a23, org.springframework.test.context.support.DirtiesContextTestExecutionListener@450794b4, org.springframework.test.context.transaction.TransactionalTestExecutionListener@273c947f, org.springframework.test.context.jdbc.SqlScriptsTestExecutionListener@30457e14, org.springframework.test.context.event.EventPublishingTestExecutionListener@1af1347d, org.springframework.boot.test.autoconfigure.restdocs.RestDocsTestExecutionListener@632aa1a3, org.springframework.boot.test.autoconfigure.web.client.MockRestServiceServerResetTestExecutionListener@20765ed5, org.springframework.boot.test.autoconfigure.web.servlet.MockMvcPrintOnlyOnFailureTestExecutionListener@3b582111, org.springframework.boot.test.autoconfigure.web.servlet.WebDriverTestExecutionListener@2899a8db, org.springframework.boot.test.autoconfigure.webservices.client.MockWebServiceServerTestExecutionListener@1e8823d2, org.springframework.boot.test.mock.mockito.ResetMocksTestExecutionListener@c1a4620]
05:37:48.299 [Test worker] DEBUG org.springframework.test.context.support.AbstractDirtiesContextTestExecutionListener - Before test class: context [DefaultTestContext@61019f59 testClass = MailgunClientTest, testInstance = [null], testMethod = [null], testException = [null], mergedContextConfiguration = [WebMergedContextConfiguration@62e8f862 testClass = MailgunClientTest, locations = '{}', classes = '{class com.example.cms.CmsApplication}', contextInitializerClasses = '[]', activeProfiles = '{}', propertySourceLocations = '{}', propertySourceProperties = '{org.springframework.boot.test.context.SpringBootTestContextBootstrapper=true}', contextCustomizers = set[org.springframework.boot.test.autoconfigure.actuate.metrics.MetricsExportContextCustomizerFactory$DisableMetricExportContextCustomizer@1f2f9244, org.springframework.boot.test.autoconfigure.properties.PropertyMappingContextCustomizer@0, org.springframework.boot.test.autoconfigure.web.servlet.WebDriverContextCustomizerFactory$Customizer@3fffff43, org.springframework.boot.test.context.filter.ExcludeFilterContextCustomizer@2e11485, org.springframework.boot.test.json.DuplicateJsonObjectContextCustomizerFactory$DuplicateJsonObjectContextCustomizer@fd8294b, org.springframework.boot.test.mock.mockito.MockitoContextCustomizer@0, org.springframework.boot.test.web.client.TestRestTemplateContextCustomizer@2fea7088, org.springframework.boot.test.context.SpringBootTestArgs@1, org.springframework.boot.test.context.SpringBootTestWebEnvironment@7c3fdb62], resourceBasePath = 'src/main/webapp', contextLoader = 'org.springframework.boot.test.context.SpringBootContextLoader', parent = [null]], attributes = map['org.springframework.test.context.web.ServletTestExecutionListener.activateListener' -> true]], class annotated with @DirtiesContext [false] with mode [null].

  .   ____          _            __ _ _
 /\\ / ___'_ __ _ _(_)_ __  __ _ \ \ \ \
( ( )\___ | '_ | '_| | '_ \/ _` | \ \ \ \
 \\/  ___)| |_)| | | | | || (_| |  ) ) ) )
  '  |____| .__|_| |_|_| |_\__, | / / / /
 =========|_|==============|___/=/_/_/_/
 :: Spring Boot ::                (v2.6.5)

2023-03-08 05:37:48.667  INFO 3400 --- [    Test worker] com.example.cms.MailgunClientTest        : Starting MailgunClientTest using Java 11.0.15 on DESKTOP-492AQ7N with PID 3400 (started by yelim in C:\workplace\zero-base-cms-base)
2023-03-08 05:37:48.668  INFO 3400 --- [    Test worker] com.example.cms.MailgunClientTest        : No active profile set, falling back to 1 default profile: "default"
2023-03-08 05:37:49.346  INFO 3400 --- [    Test worker] .s.d.r.c.RepositoryConfigurationDelegate : Multiple Spring Data modules found, entering strict repository configuration mode!
2023-03-08 05:37:49.347  INFO 3400 --- [    Test worker] .s.d.r.c.RepositoryConfigurationDelegate : Bootstrapping Spring Data JDBC repositories in DEFAULT mode.
2023-03-08 05:37:49.372  INFO 3400 --- [    Test worker] .RepositoryConfigurationExtensionSupport : Spring Data JDBC - Could not safely identify store assignment for repository candidate interface com.example.cms.repository.CustomerRepository. If you want this repository to be a JDBC repository, consider annotating your entities with one of these annotations: org.springframework.data.relational.core.mapping.Table.
2023-03-08 05:37:49.372  INFO 3400 --- [    Test worker] .s.d.r.c.RepositoryConfigurationDelegate : Finished Spring Data repository scanning in 20 ms. Found 0 JDBC repository interfaces.
2023-03-08 05:37:49.380  INFO 3400 --- [    Test worker] .s.d.r.c.RepositoryConfigurationDelegate : Multiple Spring Data modules found, entering strict repository configuration mode!
2023-03-08 05:37:49.382  INFO 3400 --- [    Test worker] .s.d.r.c.RepositoryConfigurationDelegate : Bootstrapping Spring Data JPA repositories in DEFAULT mode.
2023-03-08 05:37:49.408  INFO 3400 --- [    Test worker] .s.d.r.c.RepositoryConfigurationDelegate : Finished Spring Data repository scanning in 23 ms. Found 1 JPA repository interfaces.
2023-03-08 05:37:49.568  INFO 3400 --- [    Test worker] o.s.cloud.context.scope.GenericScope     : BeanFactory id=5b84cc06-df0b-3039-8fca-12c4a70aa0bc
2023-03-08 05:37:49.927  INFO 3400 --- [    Test worker] o.hibernate.jpa.internal.util.LogHelper  : HHH000204: Processing PersistenceUnitInfo [name: default]
2023-03-08 05:37:49.979  INFO 3400 --- [    Test worker] org.hibernate.Version                    : HHH000412: Hibernate ORM core version 5.6.7.Final
2023-03-08 05:37:50.125  INFO 3400 --- [    Test worker] o.hibernate.annotations.common.Version   : HCANN000001: Hibernate Commons Annotations {5.1.2.Final}
2023-03-08 05:37:50.225  INFO 3400 --- [    Test worker] com.zaxxer.hikari.HikariDataSource       : HikariPool-1 - Starting...
2023-03-08 05:37:50.390  INFO 3400 --- [    Test worker] com.zaxxer.hikari.HikariDataSource       : HikariPool-1 - Start completed.
2023-03-08 05:37:50.404  INFO 3400 --- [    Test worker] org.hibernate.dialect.Dialect            : HHH000400: Using dialect: org.hibernate.dialect.H2Dialect
2023-03-08 05:37:50.457  INFO 3400 --- [    Test worker] o.h.e.boot.internal.EnversServiceImpl    : Envers integration enabled? : true
Hibernate: drop table if exists customer CASCADE 
Hibernate: create table customer (id bigint generated by default as identity, created_at timestamp, updated_at timestamp, birth date, email varchar(255), name varchar(255), password varchar(255), phone varchar(255), verification_code varchar(255), verify boolean not null, verify_expired_at timestamp, primary key (id))
2023-03-08 05:37:50.925  INFO 3400 --- [    Test worker] o.h.e.t.j.p.i.JtaPlatformInitiator       : HHH000490: Using JtaPlatform implementation: [org.hibernate.engine.transaction.jta.platform.internal.NoJtaPlatform]
2023-03-08 05:37:50.932  INFO 3400 --- [    Test worker] j.LocalContainerEntityManagerFactoryBean : Initialized JPA EntityManagerFactory for persistence unit 'default'
2023-03-08 05:37:51.444  WARN 3400 --- [    Test worker] JpaBaseConfiguration$JpaWebConfiguration : spring.jpa.open-in-view is enabled by default. Therefore, database queries may be performed during view rendering. Explicitly configure spring.jpa.open-in-view to disable this warning
2023-03-08 05:37:52.525  INFO 3400 --- [    Test worker] com.example.cms.MailgunClientTest        : Started MailgunClientTest in 4.194 seconds (JVM running for 5.16)
test
SendMailForm(from=elim0937@naver.com, to=elim0937@naver.com, subject=test, text=test)
]]></system-out>
  <system-err><![CDATA[]]></system-err>
</testsuite>
